0 info it worked if it ends with ok
1 verbose cli [ '/usr/local/Cellar/node5/5.11.1/bin/node',
1 verbose cli   '/Users/kylejeske/.node/bin/npm',
1 verbose cli   'run',
1 verbose cli   'cordova',
1 verbose cli   'run',
1 verbose cli   'ios' ]
2 info using npm@3.9.5
3 info using node@v5.11.1
4 verbose run-script [ 'precordova', 'cordova', 'postcordova' ]
5 info lifecycle the-ranch@1.0.0~precordova: the-ranch@1.0.0
6 silly lifecycle the-ranch@1.0.0~precordova: no script for precordova, continuing
7 info lifecycle the-ranch@1.0.0~cordova: the-ranch@1.0.0
8 verbose lifecycle the-ranch@1.0.0~cordova: unsafe-perm in lifecycle true
9 verbose lifecycle the-ranch@1.0.0~cordova: PATH: /Users/kylejeske/.node/lib/node_modules/npm/bin/node-gyp-bin:/Users/kylejeske/Work/northkode/projects/theranch/loyalty_club_app/node_modules/.bin:/usr/local/Cellar/node5/5.11.1/bin:/Users/kylejeske/.rbenv/shims:/Users/kylejeske/.node/bin:/usr/local/php5/bin:/Users/kylejeske/.composer/vendor/bin:/Users/kylejeske/.rvm/gems/ruby-2.1.2/bin:/Users/kylejeske/.rvm/gems/ruby-2.1.2@global/bin:/Users/kylejeske/.rvm/rubies/ruby-2.1.2/bin:/usr/bin:/bin:/usr/sbin:/sbin:/usr/local/bin:/Users/kylejeske/Desktop/adt-bundle-mac/platform-tools:/usr/local/git/bin:/Users/kylejeske/.rvm/bin:/Users/kylejeske/Desktop/adt-bundle-mac/sdk/tools:/Users/kylejeske/Desktop/adt-bundle-mac/sdk/platform-tools
10 verbose lifecycle the-ranch@1.0.0~cordova: CWD: /Users/kylejeske/Work/northkode/projects/theranch/loyalty_club_app
11 silly lifecycle the-ranch@1.0.0~cordova: Args: [ '-c', 'cd app && cordova "run" "ios"' ]
12 silly lifecycle the-ranch@1.0.0~cordova: Returned: code: 1  signal: null
13 info lifecycle the-ranch@1.0.0~cordova: Failed to exec cordova script
14 verbose stack Error: the-ranch@1.0.0 cordova: `cd app && cordova "run" "ios"`
14 verbose stack Exit status 1
14 verbose stack     at EventEmitter.<anonymous> (/Users/kylejeske/.node/lib/node_modules/npm/lib/utils/lifecycle.js:245:16)
14 verbose stack     at emitTwo (events.js:100:13)
14 verbose stack     at EventEmitter.emit (events.js:185:7)
14 verbose stack     at ChildProcess.<anonymous> (/Users/kylejeske/.node/lib/node_modules/npm/lib/utils/spawn.js:24:14)
14 verbose stack     at emitTwo (events.js:100:13)
14 verbose stack     at ChildProcess.emit (events.js:185:7)
14 verbose stack     at maybeClose (internal/child_process.js:850:16)
14 verbose stack     at Process.ChildProcess._handle.onexit (internal/child_process.js:215:5)
15 verbose pkgid the-ranch@1.0.0
16 verbose cwd /Users/kylejeske/Work/northkode/projects/theranch/loyalty_club_app
17 error Darwin 16.3.0
18 error argv "/usr/local/Cellar/node5/5.11.1/bin/node" "/Users/kylejeske/.node/bin/npm" "run" "cordova" "run" "ios"
19 error node v5.11.1
20 error npm  v3.9.5
21 error code ELIFECYCLE
22 error the-ranch@1.0.0 cordova: `cd app && cordova "run" "ios"`
22 error Exit status 1
23 error Failed at the the-ranch@1.0.0 cordova script 'cd app && cordova "run" "ios"'.
23 error Make sure you have the latest version of node.js and npm installed.
23 error If you do, this is most likely a problem with the the-ranch package,
23 error not with npm itself.
23 error Tell the author that this fails on your system:
23 error     cd app && cordova "run" "ios"
23 error You can get information on how to open an issue for this project with:
23 error     npm bugs the-ranch
23 error Or if that isn't available, you can get their info via:
23 error     npm owner ls the-ranch
23 error There is likely additional logging output above.
24 verbose exit [ 1, true ]
