0 info it worked if it ends with ok
1 verbose cli [ '/usr/local/Cellar/node@8/8.9.3_1/bin/node',
1 verbose cli   '/Users/kylejeske/Work/northkode/projects/theranch/loyalty_club_app/node_modules/.bin/npm',
1 verbose cli   'install',
1 verbose cli   'https://github.com/Telerik-Verified-Plugins/LocalWebServer.git',
1 verbose cli   '--production',
1 verbose cli   '--no-save' ]
2 info using npm@2.15.12
3 info using node@v8.9.3
4 warn invalid config loglevel="notice"
5 verbose install initial load of /Users/kylejeske/Work/northkode/projects/theranch/loyalty_club_app/app/package.json
6 warn package.json org.theloyaltyclub@1.0.0 No description
7 warn package.json org.theloyaltyclub@1.0.0 No repository field.
8 warn package.json org.theloyaltyclub@1.0.0 No README data
9 warn package.json org.theloyaltyclub@1.0.0 No license field.
10 verbose installManyTop reading scoped package data from /Users/kylejeske/Work/northkode/projects/theranch/loyalty_club_app/app/node_modules/cordova-ios/package.json
11 verbose installManyTop reading scoped package data from /Users/kylejeske/Work/northkode/projects/theranch/loyalty_club_app/app/node_modules/cordova-plugin-wkwebview-engine/package.json
12 verbose readDependencies loading dependencies from /Users/kylejeske/Work/northkode/projects/theranch/loyalty_club_app/app/package.json
13 silly cache add args [ 'https://github.com/Telerik-Verified-Plugins/LocalWebServer.git',
13 silly cache add   null ]
14 verbose cache add spec https://github.com/Telerik-Verified-Plugins/LocalWebServer.git
15 silly cache add parsed spec Result {
15 silly cache add   raw: 'https://github.com/Telerik-Verified-Plugins/LocalWebServer.git',
15 silly cache add   scope: null,
15 silly cache add   name: null,
15 silly cache add   rawSpec: 'https://github.com/Telerik-Verified-Plugins/LocalWebServer.git',
15 silly cache add   spec: 'git+https://github.com/Telerik-Verified-Plugins/LocalWebServer.git',
15 silly cache add   type: 'hosted',
15 silly cache add   hosted:
15 silly cache add    { type: 'github',
15 silly cache add      ssh: 'git@github.com:Telerik-Verified-Plugins/LocalWebServer.git',
15 silly cache add      sshUrl: 'git+ssh://git@github.com/Telerik-Verified-Plugins/LocalWebServer.git',
15 silly cache add      httpsUrl: 'git+https://github.com/Telerik-Verified-Plugins/LocalWebServer.git',
15 silly cache add      gitUrl: 'git://github.com/Telerik-Verified-Plugins/LocalWebServer.git',
15 silly cache add      shortcut: 'github:Telerik-Verified-Plugins/LocalWebServer',
15 silly cache add      directUrl: 'https://raw.githubusercontent.com/Telerik-Verified-Plugins/LocalWebServer/master/package.json' } }
16 verbose addRemoteGit caching https://github.com/Telerik-Verified-Plugins/LocalWebServer.git
17 verbose addRemoteGit git+https://github.com/Telerik-Verified-Plugins/LocalWebServer.git is a repository hosted by github
18 silly tryClone cloning git+https://github.com/Telerik-Verified-Plugins/LocalWebServer.git via git+https://github.com/Telerik-Verified-Plugins/LocalWebServer.git
19 verbose tryClone https-github-com-Telerik-Verified-Plugins-LocalWebServer-git-166d6f0e not in flight; caching
20 verbose correctMkdir /Users/kylejeske/.npm/_git-remotes correctMkdir not in flight; initializing
21 info git [ 'clone',
21 info git   '--template=/Users/kylejeske/.npm/_git-remotes/_templates',
21 info git   '--mirror',
21 info git   'https://github.com/Telerik-Verified-Plugins/LocalWebServer.git',
21 info git   '/Users/kylejeske/.npm/_git-remotes/https-github-com-Telerik-Verified-Plugins-LocalWebServer-git-166d6f0e' ]
22 verbose mirrorRemote git+https://github.com/Telerik-Verified-Plugins/LocalWebServer.git git clone https://github.com/Telerik-Verified-Plugins/LocalWebServer.git
23 verbose correctMkdir /Users/kylejeske/.npm/_git-remotes correctMkdir not in flight; initializing
24 verbose setPermissions git+https://github.com/Telerik-Verified-Plugins/LocalWebServer.git set permissions on /Users/kylejeske/.npm/_git-remotes/https-github-com-Telerik-Verified-Plugins-LocalWebServer-git-166d6f0e
25 verbose resolveHead git+https://github.com/Telerik-Verified-Plugins/LocalWebServer.git original treeish: master
26 info git [ 'rev-list', '-n1', 'master' ]
27 silly resolveHead git+https://github.com/Telerik-Verified-Plugins/LocalWebServer.git resolved treeish: c205aaaa389a24a73f98a90cea516c5f70fcf27a
28 verbose resolveHead git+https://github.com/Telerik-Verified-Plugins/LocalWebServer.git resolved Git URL: git+https://github.com/Telerik-Verified-Plugins/LocalWebServer.git#c205aaaa389a24a73f98a90cea516c5f70fcf27a
29 silly resolveHead Git working directory: /var/folders/4f/tyyvzktn74jbcpvm85lypxmh0000gp/T/npm-18103-174af3e1/git-cache-9ee67b2768f4/c205aaaa389a24a73f98a90cea516c5f70fcf27a
30 info git [ 'clone',
30 info git   '/Users/kylejeske/.npm/_git-remotes/https-github-com-Telerik-Verified-Plugins-LocalWebServer-git-166d6f0e',
30 info git   '/var/folders/4f/tyyvzktn74jbcpvm85lypxmh0000gp/T/npm-18103-174af3e1/git-cache-9ee67b2768f4/c205aaaa389a24a73f98a90cea516c5f70fcf27a' ]
31 verbose cloneResolved git+https://github.com/Telerik-Verified-Plugins/LocalWebServer.git clone Cloning into '/var/folders/4f/tyyvzktn74jbcpvm85lypxmh0000gp/T/npm-18103-174af3e1/git-cache-9ee67b2768f4/c205aaaa389a24a73f98a90cea516c5f70fcf27a'...
31 verbose cloneResolved done.
32 info git [ 'checkout', 'c205aaaa389a24a73f98a90cea516c5f70fcf27a' ]
33 verbose checkoutTreeish git+https://github.com/Telerik-Verified-Plugins/LocalWebServer.git checkout Note: checking out 'c205aaaa389a24a73f98a90cea516c5f70fcf27a'.
33 verbose checkoutTreeish
33 verbose checkoutTreeish You are in 'detached HEAD' state. You can look around, make experimental
33 verbose checkoutTreeish changes and commit them, and you can discard any commits you make in this
33 verbose checkoutTreeish state without impacting any branches by performing another checkout.
33 verbose checkoutTreeish
33 verbose checkoutTreeish If you want to create a new branch to retain commits you create, you may
33 verbose checkoutTreeish do so (now or later) by using -b with the checkout command again. Example:
33 verbose checkoutTreeish
33 verbose checkoutTreeish   git checkout -b <new-branch-name>
33 verbose checkoutTreeish
33 verbose checkoutTreeish HEAD is now at c205aaa... Merge pull request #4 from Telerik-Verified-Plugins/natanasova/update-file-dependency
34 error addLocal Could not install /var/folders/4f/tyyvzktn74jbcpvm85lypxmh0000gp/T/npm-18103-174af3e1/git-cache-9ee67b2768f4/c205aaaa389a24a73f98a90cea516c5f70fcf27a
35 verbose stack Error: EISDIR: illegal operation on a directory, read
36 verbose cwd /Users/kylejeske/Work/northkode/projects/theranch/loyalty_club_app/app
37 error Darwin 16.7.0
38 error argv "/usr/local/Cellar/node@8/8.9.3_1/bin/node" "/Users/kylejeske/Work/northkode/projects/theranch/loyalty_club_app/node_modules/.bin/npm" "install" "https://github.com/Telerik-Verified-Plugins/LocalWebServer.git" "--production" "--no-save"
39 error node v8.9.3
40 error npm  v2.15.12
41 error code EISDIR
42 error errno -21
43 error syscall read
44 error eisdir EISDIR: illegal operation on a directory, read
44 error eisdir This is most likely not a problem with npm itself
44 error eisdir and is related to npm not being able to find a package.json in
44 error eisdir a package you are trying to install.
45 verbose exit [ -21, true ]
